<?xml version="1.0" encoding="UTF-8"?>
<!-- Generated by org.testng.reporters.JUnitReportReporter -->
<testsuite hostname="paresh" name="Com.hrms.Testscripts.TC_101" tests="1" failures="0" timestamp="23 Aug 2019 11:37:50 GMT" time="45.840" errors="0">
  <testcase name="Test1" time="45.840" classname="Com.hrms.Testscripts.TC_101"/>
</testsuite> <!-- Com.hrms.Testscripts.TC_101 -->
